kotlin version: 2.0.21
error message: org.jetbrains.kotlin.backend.common.BackendException: Backend Internal error: Exception during IR lowering
File being compiled: C:/Users/amine/OneDrive/Bureau/developpement android/GuardianTrack/app/src/main/java/com/example/guardiantrack/ui/GuardianTrackApp.kt
The root cause java.lang.RuntimeException was thrown at: org.jetbrains.kotlin.backend.jvm.codegen.FunctionCodegen.generate(FunctionCodegen.kt:47)
	at org.jetbrains.kotlin.backend.common.CodegenUtil.reportBackendException(CodegenUtil.kt:253)
	at org.jetbrains.kotlin.backend.common.CodegenUtil.reportBackendException$default(CodegenUtil.kt:236)
	at org.jetbrains.kotlin.backend.common.phaser.PerformByIrFilePhase.invokeSequential(performByIrFile.kt:65)
	at org.jetbrains.kotlin.backend.common.phaser.PerformByIrFilePhase.invoke(performByIrFile.kt:52)
	at org.jetbrains.kotlin.backend.common.phaser.PerformByIrFilePhase.invoke(performByIrFile.kt:38)
	at org.jetbrains.kotlin.backend.common.phaser.NamedCompilerPhase.phaseBody(CompilerPhase.kt:166)
	at org.jetbrains.kotlin.backend.common.phaser.AbstractNamedCompilerPhase.invoke(CompilerPhase.kt:113)
	at org.jetbrains.kotlin.backend.common.phaser.CompositePhase.invoke(PhaseBuilders.kt:27)
	at org.jetbrains.kotlin.backend.common.phaser.CompositePhase.invoke(PhaseBuilders.kt:14)
	at org.jetbrains.kotlin.backend.common.phaser.NamedCompilerPhase.phaseBody(CompilerPhase.kt:166)
	at org.jetbrains.kotlin.backend.common.phaser.AbstractNamedCompilerPhase.invoke(CompilerPhase.kt:113)
	at org.jetbrains.kotlin.backend.common.phaser.CompilerPhaseKt.invokeToplevel(CompilerPhase.kt:62)
	at org.jetbrains.kotlin.backend.jvm.JvmIrCodegenFactory.invokeCodegen(JvmIrCodegenFactory.kt:371)
	at org.jetbrains.kotlin.codegen.CodegenFactory.generateModule(CodegenFactory.kt:47)
	at org.jetbrains.kotlin.backend.jvm.JvmIrCodegenFactory.generateModuleInFrontendIRMode(JvmIrCodegenFactory.kt:433)
	at org.jetbrains.kotlin.cli.jvm.compiler.pipeline.JvmCompilerPipelineKt.generateCodeFromIr(jvmCompilerPipeline.kt:246)
	at org.jetbrains.kotlin.cli.jvm.compiler.pipeline.JvmCompilerPipelineKt.compileModulesUsingFrontendIrAndLightTree(jvmCompilerPipeline.kt:142)
	at org.jetbrains.kotlin.cli.jvm.K2JVMCompiler.doExecute(K2JVMCompiler.kt:148)
	at org.jetbrains.kotlin.cli.jvm.K2JVMCompiler.doExecute(K2JVMCompiler.kt:43)
	at org.jetbrains.kotlin.cli.common.CLICompiler.execImpl(CLICompiler.kt:103)
	at org.jetbrains.kotlin.cli.common.CLICompiler.execImpl(CLICompiler.kt:49)
	at org.jetbrains.kotlin.cli.common.CLITool.exec(CLITool.kt:101)
	at org.jetbrains.kotlin.incremental.IncrementalJvmCompilerRunner.runCompiler(IncrementalJvmCompilerRunner.kt:464)
	at org.jetbrains.kotlin.incremental.IncrementalJvmCompilerRunner.runCompiler(IncrementalJvmCompilerRunner.kt:73)
	at org.jetbrains.kotlin.incremental.IncrementalCompilerRunner.doCompile(IncrementalCompilerRunner.kt:506)
	at org.jetbrains.kotlin.incremental.IncrementalCompilerRunner.compileImpl(IncrementalCompilerRunner.kt:423)
	at org.jetbrains.kotlin.incremental.IncrementalCompilerRunner.compileNonIncrementally(IncrementalCompilerRunner.kt:301)
	at org.jetbrains.kotlin.incremental.IncrementalCompilerRunner.compile(IncrementalCompilerRunner.kt:129)
	at org.jetbrains.kotlin.daemon.CompileServiceImplBase.execIncrementalCompiler(CompileServiceImpl.kt:675)
	at org.jetbrains.kotlin.daemon.CompileServiceImplBase.access$execIncrementalCompiler(CompileServiceImpl.kt:92)
	at org.jetbrains.kotlin.daemon.CompileServiceImpl.compile(CompileServiceImpl.kt:1660)
	at java.base/jdk.internal.reflect.DirectMethodHandleAccessor.invoke(Unknown Source)
	at java.base/java.lang.reflect.Method.invoke(Unknown Source)
	at java.rmi/sun.rmi.server.UnicastServerRef.dispatch(Unknown Source)
	at java.rmi/sun.rmi.transport.Transport$1.run(Unknown Source)
	at java.rmi/sun.rmi.transport.Transport$1.run(Unknown Source)
	at java.base/java.security.AccessController.doPrivileged(Unknown Source)
	at java.rmi/sun.rmi.transport.Transport.serviceCall(Unknown Source)
	at java.rmi/sun.rmi.transport.tcp.TCPTransport.handleMessages(Unknown Source)
	at java.rmi/sun.rmi.transport.tcp.TCPTransport$ConnectionHandler.run0(Unknown Source)
	at java.rmi/sun.rmi.transport.tcp.TCPTransport$ConnectionHandler.lambda$run$0(Unknown Source)
	at java.base/java.security.AccessController.doPrivileged(Unknown Source)
	at java.rmi/sun.rmi.transport.tcp.TCPTransport$ConnectionHandler.run(Unknown Source)
	at java.base/java.util.concurrent.ThreadPoolExecutor.runWorker(Unknown Source)
	at java.base/java.util.concurrent.ThreadPoolExecutor$Worker.run(Unknown Source)
	at java.base/java.lang.Thread.run(Unknown Source)
Caused by: java.lang.RuntimeException: Exception while generating code for:
FUN name:GuardianTrackApp visibility:public modality:FINAL <> (dashboardViewModel:com.example.guardiantrack.ui.dashboard.DashboardViewModel, historyViewModel:com.example.guardiantrack.ui.history.HistoryViewModel, settingsViewModel:com.example.guardiantrack.ui.settings.SettingsViewModel) returnType:kotlin.Unit
  annotations:
    OptIn(markerClass = [CLASS_REFERENCE 'CLASS IR_EXTERNAL_DECLARATION_STUB ANNOTATION_CLASS name:ExperimentalMaterial3Api modality:OPEN visibility:public superTypes:[kotlin.Annotation]' type=kotlin.reflect.KClass<androidx.compose.material3.ExperimentalMaterial3Api>])
    Composable
  VALUE_PARAMETER name:dashboardViewModel index:0 type:com.example.guardiantrack.ui.dashboard.DashboardViewModel
    EXPRESSION_BODY
      ERROR_EXPR 'Default Stub' type=com.example.guardiantrack.ui.dashboard.DashboardViewModel
  VALUE_PARAMETER name:historyViewModel index:1 type:com.example.guardiantrack.ui.history.HistoryViewModel
    EXPRESSION_BODY
      ERROR_EXPR 'Default Stub' type=com.example.guardiantrack.ui.history.HistoryViewModel
  VALUE_PARAMETER name:settingsViewModel index:2 type:com.example.guardiantrack.ui.settings.SettingsViewModel
    EXPRESSION_BODY
      ERROR_EXPR 'Default Stub' type=com.example.guardiantrack.ui.settings.SettingsViewModel
  BLOCK_BODY
    VAR name:context type:android.content.Context [val]
      CALL 'public final fun <get-current> (): T of androidx.compose.runtime.CompositionLocal [inline] declared in androidx.compose.runtime.CompositionLocal' type=android.content.Context origin=GET_PROPERTY
        $this: TYPE_OP type=androidx.compose.runtime.CompositionLocal<T of androidx.compose.runtime.CompositionLocal> origin=IMPLICIT_CAST typeOperand=androidx.compose.runtime.CompositionLocal<T of androidx.compose.runtime.CompositionLocal>
          CALL 'public final fun <get-LocalContext> (): androidx.compose.runtime.ProvidableCompositionLocal<android.content.Context> declared in androidx.compose.ui.platform.AndroidCompositionLocals_androidKt' type=androidx.compose.runtime.ProvidableCompositionLocal<android.content.Context> origin=GET_PROPERTY
    VAR name:exportHelper type:com.example.guardiantrack.util.ExportHelper [val]
      CALL 'public final fun remember <T> (calculation: @[DisallowComposableCalls] kotlin.Function0<T of androidx.compose.runtime.ComposablesKt.remember>): T of androidx.compose.runtime.ComposablesKt.remember [inline] declared in androidx.compose.runtime.ComposablesKt' type=com.example.guardiantrack.util.ExportHelper origin=null
        <T>: com.example.guardiantrack.util.ExportHelper
        calculation: BLOCK type=kotlin.Function0<com.example.guardiantrack.util.ExportHelper> origin=LAMBDA
          COMPOSITE type=kotlin.Unit origin=null
          FUNCTION_REFERENCE 'private final fun GuardianTrackApp$lambda$0 ($context: android.content.Context): com.example.guardiantrack.util.ExportHelper declared in com.example.guardiantrack.ui.GuardianTrackAppKt' type=kotlin.Function0<com.example.guardiantrack.util.ExportHelper> origin=INLINE_LAMBDA reflectionTarget=null
            $context: GET_VAR 'val context: android.content.Context [val] declared in com.example.guardiantrack.ui.GuardianTrackAppKt.GuardianTrackApp' type=android.content.Context origin=null
    VAR name:navController type:androidx.navigation.NavHostController [val]
      CALL 'public final fun rememberNavController (vararg navigators: androidx.navigation.Navigator<out androidx.navigation.NavDestination>): androidx.navigation.NavHostController declared in androidx.navigation.compose.NavHostControllerKt' type=androidx.navigation.NavHostController origin=null
        navigators: CALL 'public final fun arrayOfNulls <T> (size: kotlin.Int): kotlin.Array<T of kotlin.arrayOfNulls?> declared in kotlin' type=kotlin.Array<out androidx.navigation.Navigator<out androidx.navigation.NavDestination>> origin=null
          <T>: androidx.navigation.Navigator<out androidx.navigation.NavDestination>
          size: CONST Int type=kotlin.Int value=0
    VAR name:screens type:kotlin.collections.List<com.example.guardiantrack.ui.Screen> [val]
      CALL 'public final fun listOf <T> (vararg elements: T of kotlin.collections.CollectionsKt.listOf): kotlin.collections.List<T of kotlin.collections.CollectionsKt.listOf> declared in kotlin.collections.CollectionsKt' type=kotlin.collections.List<com.example.guardiantrack.ui.Screen> origin=null
        <T>: com.example.guardiantrack.ui.Screen
        elements: BLOCK type=kotlin.Array<out com.example.guardiantrack.ui.Screen> origin=null
          VAR IR_TEMPORARY_VARIABLE name:tmp0 type:kotlin.Array<out com.example.guardiantrack.ui.Screen> [val]
            CALL 'public final fun arrayOfNulls <T> (size: kotlin.Int): kotlin.Array<T of kotlin.arrayOfNulls?> declared in kotlin' type=kotlin.Array<out com.example.guardiantrack.ui.Screen> origin=null
              <T>: com.example.guardiantrack.ui.Screen
              size: CONST Int type=kotlin.Int value=3
          CALL 'public final fun set (index: kotlin.Int, value: T of kotlin.Array): kotlin.Unit [operator] declared in kotlin.Array' type=kotlin.Unit origin=null
            $this: GET_VAR 'val tmp0: kotlin.Array<out com.example.guardiantrack.ui.Screen> [val] declared in com.example.guardiantrack.ui.GuardianTrackAppKt.GuardianTrackApp' type=kotlin.Array<out com.example.guardiantrack.ui.Screen> origin=null
            index: CONST Int type=kotlin.Int value=0
            value: GET_FIELD 'FIELD FIELD_FOR_OBJECT_INSTANCE name:INSTANCE type:com.example.guardiantrack.ui.Screen.Dashboard visibility:public [final,static] declared in com.example.guardiantrack.ui.Screen.Dashboard' type=com.example.guardiantrack.ui.Screen.Dashboard origin=null
          CALL 'public final fun set (index: kotlin.Int, value: T of kotlin.Array): kotlin.Unit [operator] declared in kotlin.Array' type=kotlin.Unit origin=null
            $this: GET_VAR 'val tmp0: kotlin.Array<out com.example.guardiantrack.ui.Screen> [val] declared in com.example.guardiantrack.ui.GuardianTrackAppKt.GuardianTrackApp' type=kotlin.Array<out com.example.guardiantrack.ui.Screen> origin=null
            index: CONST Int type=kotlin.Int value=1
            value: GET_FIELD 'FIELD FIELD_FOR_OBJECT_INSTANCE name:INSTANCE type:com.example.guardiantrack.ui.Screen.History visibility:public [final,static] declared in com.example.guardiantrack.ui.Screen.History' type=com.example.guardiantrack.ui.Screen.History origin=null
          CALL 'public final fun set (index: kotlin.Int, value: T of kotlin.Array): kotlin.Unit [operator] declared in kotlin.Array' type=kotlin.Unit origin=null
            $this: GET_VAR 'val tmp0: kotlin.Array<out com.example.guardiantrack.ui.Screen> [val] declared in com.example.guardiantrack.ui.GuardianTrackAppKt.GuardianTrackApp' type=kotlin.Array<out com.example.guardiantrack.ui.Screen> origin=null
            index: CONST Int type=kotlin.Int value=2
            value: GET_FIELD 'FIELD FIELD_FOR_OBJECT_INSTANCE name:INSTANCE type:com.example.guardiantrack.ui.Screen.Settings visibility:public [final,static] declared in com.example.guardiantrack.ui.Screen.Settings' type=com.example.guardiantrack.ui.Screen.Settings origin=null
          GET_VAR 'val tmp0: kotlin.Array<out com.example.guardiantrack.ui.Screen> [val] declared in com.example.guardiantrack.ui.GuardianTrackAppKt.GuardianTrackApp' type=kotlin.Array<out com.example.guardiantrack.ui.Screen> origin=null
    VAR PROPERTY_DELEGATE name:navBackStackEntry$delegate type:androidx.compose.runtime.State<androidx.navigation.NavBackStackEntry?> [val]
      CALL 'public final fun currentBackStackEntryAsState (): androidx.compose.runtime.State<androidx.navigation.NavBackStackEntry?> declared in androidx.navigation.compose.NavHostControllerKt' type=androidx.compose.runtime.State<androidx.navigation.NavBackStackEntry?> origin=null
        $receiver: GET_VAR 'val navController: androidx.navigation.NavHostController [val] declared in com.example.guardiantrack.ui.GuardianTrackAppKt.GuardianTrackApp' type=androidx.navigation.NavHostController origin=null
    VAR name:currentDestination type:androidx.navigation.NavDestination? [val]
      BLOCK type=androidx.navigation.NavDestination? origin=FOLDED_SAFE_CALL
        WHEN type=androidx.navigation.NavDestination? origin=FOLDED_SAFE_CALL
          BRANCH
            if: COMPOSITE type=kotlin.Boolean origin=null
              VAR IR_TEMPORARY_VARIABLE name:tmp0_safe_receiver type:androidx.navigation.NavBackStackEntry? [val]
                CALL 'private final fun GuardianTrackApp$lambda$1 ($navBackStackEntry$delegate: androidx.compose.runtime.State<androidx.navigation.NavBackStackEntry?>): androidx.navigation.NavBackStackEntry? declared in com.example.guardiantrack.ui.GuardianTrackAppKt' type=androidx.navigation.NavBackStackEntry? origin=GET_LOCAL_PROPERTY
                  $navBackStackEntry$delegate: GET_VAR 'val navBackStackEntry$delegate: androidx.compose.runtime.State<androidx.navigation.NavBackStackEntry?> [val] declared in com.example.guardiantrack.ui.GuardianTrackAppKt.GuardianTrackApp' type=androidx.compose.runtime.State<androidx.navigation.NavBackStackEntry?> origin=null
              CALL 'public final fun not (): kotlin.Boolean [operator] declared in kotlin.Boolean' type=kotlin.Boolean origin=null
                $this: CALL 'public final fun EQEQ (arg0: kotlin.Any?, arg1: kotlin.Any?): kotlin.Boolean declared in kotlin.internal.ir' type=kotlin.Boolean origin=null
                  arg0: GET_VAR 'val tmp0_safe_receiver: androidx.navigation.NavBackStackEntry? [val] declared in com.example.guardiantrack.ui.GuardianTrackAppKt.GuardianTrackApp' type=androidx.navigation.NavBackStackEntry? origin=null
                  arg1: CONST Null type=kotlin.Nothing? value=null
            then: CALL 'public final fun <get-destination> (): androidx.navigation.NavDestination declared in androidx.navigation.NavBackStackEntry' type=androidx.navigation.NavDestination origin=GET_PROPERTY
              $this: GET_VAR 'val tmp0_safe_receiver: androidx.navigation.NavBackStackEntry? [val] declared in com.example.guardiantrack.ui.GuardianTrackAppKt.GuardianTrackApp' type=androidx.navigation.NavBackStackEntry? origin=null
          BRANCH
            if: CONST Boolean type=kotlin.Boolean value=true
            then: CONST Null type=kotlin.Nothing? value=null
    BLOCK type=kotlin.Unit origin=ARGUMENTS_REORDERING_FOR_CALL
      VAR IR_TEMPORARY_VARIABLE name:tmp1_containerColor type:androidx.compose.ui.graphics.Color [val]
        CALL 'public final fun <get-GtBgDeep> (): androidx.compose.ui.graphics.Color declared in com.example.guardiantrack.ui.theme.ColorKt' type=androidx.compose.ui.graphics.Color origin=GET_PROPERTY
      CALL 'public final fun Scaffold-QMVK-b8$default (modifier: androidx.compose.ui.Modifier?, topBar: @[Composable] kotlin.Function0<kotlin.Unit>?, bottomBar: @[Composable] kotlin.Function0<kotlin.Unit>?, snackbarHost: @[Composable] kotlin.Function0<kotlin.Unit>?, floatingActionButton: @[Composable] kotlin.Function0<kotlin.Unit>?, floatingActionButtonPosition: androidx.compose.material3.FabPosition, containerColor: androidx.compose.ui.graphics.Color, contentColor: androidx.compose.ui.graphics.Color, contentWindowInsets: androidx.compose.foundation.layout.WindowInsets?, content: @[Composable] kotlin.Function1<androidx.compose.foundation.layout.PaddingValues, kotlin.Unit>, $mask0: kotlin.Int, $handler: kotlin.Any?): kotlin.Unit declared in androidx.compose.material3.ScaffoldKt' type=kotlin.Unit origin=DEFAULT_DISPATCH_CALL
        modifier: COMPOSITE type=androidx.compose.ui.Modifier? origin=DEFAULT_VALUE
          CONST Null type=androidx.compose.ui.Modifier? value=null
        topBar: COMPOSITE type=@[Composable] kotlin.Function0<kotlin.Unit>? origin=DEFAULT_VALUE
          CONST Null type=@[Composable] kotlin.Function0<kotlin.Unit>? value=null
        bottomBar: BLOCK type=kotlin.Function0<kotlin.Unit> origin=LAMBDA
          COMPOSITE type=kotlin.Unit origin=null
          CALL 'public final fun <jvm-indy> <T> (dynamicCall: T of kotlin.jvm.internal.<jvm-indy>, bootstrapMethodHandle: kotlin.Any, vararg bootstrapMethodArguments: kotlin.Any): T of kotlin.jvm.internal.<jvm-indy> declared in kotlin.jvm.internal' type=kotlin.Function0<kotlin.Unit> origin=null
            <T>: kotlin.Function0<kotlin.Unit>
            dynamicCall: CALL 'public final fun invoke (p0: kotlin.collections.List<com.example.guardiantrack.ui.Screen>, p1: androidx.navigation.NavDestination?, p2: androidx.navigation.NavHostController): kotlin.Function0<kotlin.Unit> declared in kotlin.jvm.internal.invokeDynamic' type=kotlin.Function0<kotlin.Unit> origin=null
              p0: GET_VAR 'val screens: kotlin.collections.List<com.example.guardiantrack.ui.Screen> [val] declared in com.example.guardiantrack.ui.GuardianTrackAppKt.GuardianTrackApp' type=kotlin.collections.List<com.example.guardiantrack.ui.Screen> origin=null
              p1: GET_VAR 'val currentDestination: androidx.navigation.NavDestination? [val] declared in com.example.guardiantrack.ui.GuardianTrackAppKt.GuardianTrackApp' type=androidx.navigation.NavDestination? origin=null
              p2: GET_VAR 'val navController: androidx.navigation.NavHostController [val] declared in com.example.guardiantrack.ui.GuardianTrackAppKt.GuardianTrackApp' type=androidx.navigation.NavHostController origin=null
            bootstrapMethodHandle: CALL 'public final fun <jvm-method-handle> (tag: kotlin.Int, owner: kotlin.String, name: kotlin.String, descriptor: kotlin.String, isInterface: kotlin.Boolean): kotlin.Any declared in kotlin.jvm.internal' type=kotlin.Any origin=null
              tag: CONST Int type=kotlin.Int value=6
              owner: CONST String type=kotlin.String value="java/lang/invoke/LambdaMetafactory"
              name: CONST String type=kotlin.String value="metafactory"
              descriptor: CONST String type=kotlin.String value="(Ljava/lang/invoke/MethodHandles$Lookup;Ljava/lang/String;Ljava/lang/invoke/MethodType;Ljava/lang/invoke/MethodType;Ljava/lang/invoke/MethodHandle;Ljava/lang/invoke/MethodType;)Ljava/lang/invoke/CallSite;"
              isInterface: CONST Boolean type=kotlin.Boolean value=false
            bootstrapMethodArguments: VARARG type=kotlin.Array<kotlin.Any> varargElementType=kotlin.Any
              CALL 'public final fun <jvm-original-method-type> (method: kotlin.Any): kotlin.Any declared in kotlin.jvm.internal' type=kotlin.Any origin=null
                method: RAW_FUNCTION_REFERENCE 'public abstract fun invoke (): R of kotlin.Function0 [operator] declared in kotlin.Function0' type=kotlin.Any
              RAW_FUNCTION_REFERENCE 'private final fun GuardianTrackApp$lambda$10 ($screens: kotlin.collections.List<com.example.guardiantrack.ui.Screen>, $currentDestination: androidx.navigation.NavDestination?, $navController: androidx.navigation.NavHostController): kotlin.Unit? declared in com.example.guardiantrack.ui.GuardianTrackAppKt' type=kotlin.Any
              CALL 'public final fun <jvm-original-method-type> (method: kotlin.Any): kotlin.Any declared in kotlin.jvm.internal' type=kotlin.Any origin=null
                method: RAW_FUNCTION_REFERENCE 'public abstract fun invoke (): kotlin.Unit? [fake_override,operator] declared in kotlin.jvm.internal.invokeDynamic.<fake>' type=kotlin.Any
        snackbarHost: COMPOSITE type=@[Composable] kotlin.Function0<kotlin.Unit>? origin=DEFAULT_VALUE
          CONST Null type=@[Composable] kotlin.Function0<kotlin.Unit>? value=null
        floatingActionButton: COMPOSITE type=@[Composable] kotlin.Function0<kotlin.Unit>? origin=DEFAULT_VALUE
          CONST Null type=@[Composable] kotlin.Function0<kotlin.Unit>? value=null
        floatingActionButtonPosition: COMPOSITE type=androidx.compose.material3.FabPosition origin=DEFAULT_VALUE
          CALL 'public final fun <unsafe-coerce> <T, R> (v: T of kotlin.jvm.internal.<unsafe-coerce>): R of kotlin.jvm.internal.<unsafe-coerce> declared in kotlin.jvm.internal' type=androidx.compose.material3.FabPosition origin=null
            <T>: kotlin.Int
            <R>: androidx.compose.material3.FabPosition
            v: CONST Int type=kotlin.Int value=0
        containerColor: GET_VAR 'val tmp1_containerColor: androidx.compose.ui.graphics.Color [val] declared in com.example.guardiantrack.ui.GuardianTrackAppKt.GuardianTrackApp' type=androidx.compose.ui.graphics.Color origin=null
        contentColor: COMPOSITE type=androidx.compose.ui.graphics.Color origin=DEFAULT_VALUE
          CALL 'public final fun <unsafe-coerce> <T, R> (v: T of kotlin.jvm.internal.<unsafe-coerce>): R of kotlin.jvm.internal.<unsafe-coerce> declared in kotlin.jvm.internal' type=androidx.compose.ui.graphics.Color origin=null
            <T>: kotlin.Long
            <R>: androidx.compose.ui.graphics.Color
            v: CONST Long type=kotlin.Long value=0
        contentWindowInsets: COMPOSITE type=androidx.compose.foundation.layout.WindowInsets? origin=DEFAULT_VALUE
          CONST Null type=androidx.compose.foundation.layout.WindowInsets? value=null
        content: BLOCK type=kotlin.Function1<androidx.compose.foundation.layout.PaddingValues, kotlin.Unit> origin=LAMBDA
          COMPOSITE type=kotlin.Unit origin=null
          CALL 'public final fun <jvm-indy> <T> (dynamicCall: T of kotlin.jvm.internal.<jvm-indy>, bootstrapMethodHandle: kotlin.Any, vararg bootstrapMethodArguments: kotlin.Any): T of kotlin.jvm.internal.<jvm-indy> declared in kotlin.jvm.internal' type=kotlin.Function1<androidx.compose.foundation.layout.PaddingValues, kotlin.Unit> origin=null
            <T>: kotlin.Function1<androidx.compose.foundation.layout.PaddingValues, kotlin.Unit>
            dynamicCall: CALL 'public final fun invoke (p0: androidx.navigation.NavHostController, p1: com.example.guardiantrack.ui.dashboard.DashboardViewModel, p2: com.example.guardiantrack.ui.history.HistoryViewModel, p3: com.example.guardiantrack.util.ExportHelper, p4: com.example.guardiantrack.ui.settings.SettingsViewModel): kotlin.Function1<androidx.compose.foundation.layout.PaddingValues, kotlin.Unit> declared in kotlin.jvm.internal.invokeDynamic' type=kotlin.Function1<androidx.compose.foundation.layout.PaddingValues, kotlin.Unit> origin=null
              p0: GET_VAR 'val navController: androidx.navigation.NavHostController [val] declared in com.example.guardiantrack.ui.GuardianTrackAppKt.GuardianTrackApp' type=androidx.navigation.NavHostController origin=null
              p1: GET_VAR 'dashboardViewModel: com.example.guardiantrack.ui.dashboard.DashboardViewModel declared in com.example.guardiantrack.ui.GuardianTrackAppKt.GuardianTrackApp' type=com.example.guardiantrack.ui.dashboard.DashboardViewModel origin=null
              p2: GET_VAR 'historyViewModel: com.example.guardiantrack.ui.history.HistoryViewModel declared in com.example.guardiantrack.ui.GuardianTrackAppKt.GuardianTrackApp' type=com.example.guardiantrack.ui.history.HistoryViewModel origin=null
              p3: GET_VAR 'val exportHelper: com.example.guardiantrack.util.ExportHelper [val] declared in com.example.guardiantrack.ui.GuardianTrackAppKt.GuardianTrackApp' type=com.example.guardiantrack.util.ExportHelper origin=null
              p4: GET_VAR 'settingsViewModel: com.example.guardiantrack.ui.settings.SettingsViewModel declared in com.example.guardiantrack.ui.GuardianTrackAppKt.GuardianTrackApp' type=com.example.guardiantrack.ui.settings.SettingsViewModel origin=null
            bootstrapMethodHandle: CALL 'public final fun <jvm-method-handle> (tag: kotlin.Int, owner: kotlin.String, name: kotlin.String, descriptor: kotlin.String, isInterface: kotlin.Boolean): kotlin.Any declared in kotlin.jvm.internal' type=kotlin.Any origin=null
              tag: CONST Int type=kotlin.Int value=6
              owner: CONST String type=kotlin.String value="java/lang/invoke/LambdaMetafactory"
              name: CONST String type=kotlin.String value="metafactory"
              descriptor: CONST String type=kotlin.String value="(Ljava/lang/invoke/MethodHandles$Lookup;Ljava/lang/String;Ljava/lang/invoke/MethodType;Ljava/lang/invoke/MethodType;Ljava/lang/invoke/MethodHandle;Ljava/lang/invoke/MethodType;)Ljava/lang/invoke/CallSite;"
              isInterface: CONST Boolean type=kotlin.Boolean value=false
            bootstrapMethodArguments: VARARG type=kotlin.Array<kotlin.Any> varargElementType=kotlin.Any
              CALL 'public final fun <jvm-original-method-type> (method: kotlin.Any): kotlin.Any declared in kotlin.jvm.internal' type=kotlin.Any origin=null
                method: RAW_FUNCTION_REFERENCE 'public abstract fun invoke (p1: P1 of kotlin.Function1): R of kotlin.Function1 [operator] declared in kotlin.Function1' type=kotlin.Any
              RAW_FUNCTION_REFERENCE 'private final fun GuardianTrackApp$lambda$26 ($navController: androidx.navigation.NavHostController, $dashboardViewModel: com.example.guardiantrack.ui.dashboard.DashboardViewModel, $historyViewModel: com.example.guardiantrack.ui.history.HistoryViewModel, $exportHelper: com.example.guardiantrack.util.ExportHelper, $settingsViewModel: com.example.guardiantrack.ui.settings.SettingsViewModel, innerPadding: androidx.compose.foundation.layout.PaddingValues): kotlin.Unit? declared in com.example.guardiantrack.ui.GuardianTrackAppKt' type=kotlin.Any
              CALL 'public final fun <jvm-original-method-type> (method: kotlin.Any): kotlin.Any declared in kotlin.jvm.internal' type=kotlin.Any origin=null
                method: RAW_FUNCTION_REFERENCE 'public abstract fun invoke (p1: androidx.compose.foundation.layout.PaddingValues): kotlin.Unit? [fake_override,operator] declared in kotlin.jvm.internal.invokeDynamic.<fake>' type=kotlin.Any
        $mask0: CONST Int type=kotlin.Int value=443
        $handler: CONST Null type=kotlin.Any? value=null

	at org.jetbrains.kotlin.backend.jvm.codegen.FunctionCodegen.generate(FunctionCodegen.kt:47)
	at org.jetbrains.kotlin.backend.jvm.codegen.FunctionCodegen.generate$default(FunctionCodegen.kt:40)
	at org.jetbrains.kotlin.backend.jvm.codegen.ClassCodegen.generateMethodNode(ClassCodegen.kt:406)
	at org.jetbrains.kotlin.backend.jvm.codegen.ClassCodegen.generateMethod(ClassCodegen.kt:423)
	at org.jetbrains.kotlin.backend.jvm.codegen.ClassCodegen.generate(ClassCodegen.kt:168)
	at org.jetbrains.kotlin.backend.jvm.FileCodegen.lower(JvmPhases.kt:39)
	at org.jetbrains.kotlin.backend.common.phaser.PhaseFactoriesKt.createFilePhase$lambda$4(PhaseFactories.kt:71)
	at org.jetbrains.kotlin.backend.common.phaser.PhaseBuildersKt$createSimpleNamedCompilerPhase$1.phaseBody(PhaseBuilders.kt:69)
	at org.jetbrains.kotlin.backend.common.phaser.SimpleNamedCompilerPhase.phaseBody(CompilerPhase.kt:226)
	at org.jetbrains.kotlin.backend.common.phaser.AbstractNamedCompilerPhase.invoke(CompilerPhase.kt:113)
	at org.jetbrains.kotlin.backend.common.phaser.PerformByIrFilePhase.invokeSequential(performByIrFile.kt:62)
	... 43 more
Caused by: org.jetbrains.kotlin.codegen.CompilationException: Back-end (JVM) Internal error: Couldn't inline method call: CALL 'public final fun <get-current> (): T of androidx.compose.runtime.CompositionLocal [inline] declared in androidx.compose.runtime.CompositionLocal' type=android.content.Context origin=GET_PROPERTY
Method: null
File is unknown
The root cause java.lang.IllegalStateException was thrown at: org.jetbrains.kotlin.codegen.inline.SourceCompilerForInlineKt.getMethodNode(SourceCompilerForInline.kt:118)
	at org.jetbrains.kotlin.codegen.inline.InlineCodegen.performInline(InlineCodegen.kt:65)
	at org.jetbrains.kotlin.backend.jvm.codegen.IrInlineCodegen.genInlineCall(IrInlineCodegen.kt:163)
	at org.jetbrains.kotlin.backend.jvm.codegen.IrInlineCallGenerator.genCall(IrInlineCallGenerator.kt:36)
	at org.jetbrains.kotlin.backend.jvm.codegen.ExpressionCodegen.visitCall(ExpressionCodegen.kt:653)
	at org.jetbrains.kotlin.backend.jvm.codegen.ExpressionCodegen.visitCall(ExpressionCodegen.kt:138)
	at org.jetbrains.kotlin.ir.expressions.IrCall.accept(IrCall.kt:24)
	at org.jetbrains.kotlin.backend.jvm.codegen.ExpressionCodegen.visitVariable(ExpressionCodegen.kt:790)
	at org.jetbrains.kotlin.backend.jvm.codegen.ExpressionCodegen.visitVariable(ExpressionCodegen.kt:138)
	at org.jetbrains.kotlin.ir.declarations.IrVariable.accept(IrVariable.kt:36)
	at org.jetbrains.kotlin.backend.jvm.codegen.ExpressionCodegen.visitStatementContainer(ExpressionCodegen.kt:579)
	at org.jetbrains.kotlin.backend.jvm.codegen.ExpressionCodegen.visitBlockBody(ExpressionCodegen.kt:584)
	at org.jetbrains.kotlin.backend.jvm.codegen.ExpressionCodegen.visitBlockBody(ExpressionCodegen.kt:138)
	at org.jetbrains.kotlin.ir.expressions.IrBlockBody.accept(IrBlockBody.kt:20)
	at org.jetbrains.kotlin.backend.jvm.codegen.ExpressionCodegen.generate(ExpressionCodegen.kt:240)
	at org.jetbrains.kotlin.backend.jvm.codegen.FunctionCodegen.doGenerate(FunctionCodegen.kt:123)
	at org.jetbrains.kotlin.backend.jvm.codegen.FunctionCodegen.generate(FunctionCodegen.kt:44)
	... 53 more
Caused by: java.lang.IllegalStateException: couldn't find inline method Landroidx/compose/runtime/CompositionLocal;.getCurrent()Ljava/lang/Object;
	at org.jetbrains.kotlin.codegen.inline.SourceCompilerForInlineKt.getMethodNode(SourceCompilerForInline.kt:118)
	at org.jetbrains.kotlin.codegen.inline.SourceCompilerForInlineKt.loadCompiledInlineFunction(SourceCompilerForInline.kt:96)
	at org.jetbrains.kotlin.backend.jvm.codegen.IrSourceCompilerForInline.compileInlineFunction(IrSourceCompilerForInline.kt:91)
	at org.jetbrains.kotlin.codegen.inline.InlineCodegen.compileInline(InlineCodegen.kt:43)
	at org.jetbrains.kotlin.codegen.inline.InlineCodegen.performInline(InlineCodegen.kt:51)
	... 68 more


